[Sun Dec 15 22:08:54.298329 2019] [ssl:warn] [pid 7564] AH01909: dokq.org:443:0 server certificate does NOT include an ID which matches the server name
[Sun Dec 15 22:08:54.341442 2019] [ssl:warn] [pid 7565] AH01909: dokq.org:443:0 server certificate does NOT include an ID which matches the server name
warning: file anons79.php does not exist in whitelist. Sat Aug  6 02:53:56 JST 2022
file /var/www/html/public/anons79.php was removed successfully. Sat Aug  6 02:53:56 JST 2022
[Sat Aug  6 02:57:12 JST 2022] warning: file anons79.php does not exist in whitelist.
[Sat Aug  6 02:57:12 JST 2022] file /var/www/html/public/anons79.php was removed successfully.
[Sat Aug  6 04:00:02 JST 2022] warning: file anons79.php does not exist in whitelist.
[Sat Aug  6 04:00:02 JST 2022] file /var/www/html/public/anons79.php was removed successfully.
[Tue Aug  9 02:00:01 JST 2022] warning: file Chitoge.php does not exist in whitelist.
[Tue Aug  9 02:00:02 JST 2022] file /var/www/html/public/Chitoge.php was removed successfully.
[Wed Aug 10 00:00:03 JST 2022] warning: file Chitoge.php does not exist in whitelist.
[Wed Aug 10 00:00:03 JST 2022] file /var/www/html/public/Chitoge.php was removed successfully.
[Thu Aug 11 18:00:04 JST 2022] warning: file index.php does not exist in whitelist.
[Thu Aug 11 18:00:04 JST 2022] file /var/www/html/index.php was removed successfully.
[Thu Aug 11 18:00:05 JST 2022] warning: file sample.php does not exist in whitelist.
[Thu Aug 11 18:00:05 JST 2022] file /var/www/html/sample.php was removed successfully.
[Sat Aug 13 01:00:02 JST 2022] warning: file Cocote.php does not exist in whitelist.
[Sat Aug 13 01:00:03 JST 2022] file /var/www/html/public/Cocote.php was removed successfully.
[Sat Aug 13 02:00:02 JST 2022] warning: file pler.php does not exist in whitelist.
[Sat Aug 13 02:00:02 JST 2022] file /var/www/html/public/pler.php was removed successfully.
[Sat Aug 13 09:00:03 JST 2022] warning: file pler.php does not exist in whitelist.
[Sat Aug 13 09:00:03 JST 2022] file /var/www/html/public/pler.php was removed successfully.
[Sun Aug 14 05:00:02 JST 2022] warning: file pler.php does not exist in whitelist.
[Sun Aug 14 05:00:02 JST 2022] file /var/www/html/public/pler.php was removed successfully.
[Thu Aug 18 12:00:02 JST 2022] warning: file sample.php does not exist in whitelist.
[Thu Aug 18 12:00:02 JST 2022] file /var/www/html/public/sample.php was removed successfully.
[Thu Aug 18 21:00:02 JST 2022] warning: file Chitoge.php does not exist in whitelist.
[Thu Aug 18 21:00:02 JST 2022] file /var/www/html/public/Chitoge.php was removed successfully.
[Fri Aug 19 02:00:02 JST 2022] warning: file Cocote.php does not exist in whitelist.
[Fri Aug 19 02:00:02 JST 2022] file /var/www/html/public/Cocote.php was removed successfully.
[Fri Aug 19 02:00:02 JST 2022] warning: file indeeeex.php does not exist in whitelist.
[Fri Aug 19 02:00:02 JST 2022] file /var/www/html/public/indeeeex.php was removed successfully.
[Fri Aug 19 03:00:01 JST 2022] warning: file Cocote.php does not exist in whitelist.
[Fri Aug 19 03:00:01 JST 2022] file /var/www/html/public/Cocote.php was removed successfully.
[Fri Aug 19 03:00:02 JST 2022] warning: file indeeeex.php does not exist in whitelist.
[Fri Aug 19 03:00:02 JST 2022] file /var/www/html/public/indeeeex.php was removed successfully.
[Fri Aug 19 06:00:02 JST 2022] warning: file Cocote.php does not exist in whitelist.
[Fri Aug 19 06:00:02 JST 2022] file /var/www/html/public/Cocote.php was removed successfully.
[Fri Aug 19 06:00:02 JST 2022] warning: file indeeeex.php does not exist in whitelist.
[Fri Aug 19 06:00:02 JST 2022] file /var/www/html/public/indeeeex.php was removed successfully.
[Fri Aug 19 08:00:01 JST 2022] warning: file Cocote.php does not exist in whitelist.
[Fri Aug 19 08:00:02 JST 2022] file /var/www/html/public/Cocote.php was removed successfully.
[Fri Aug 19 08:00:02 JST 2022] warning: file indeeeex.php does not exist in whitelist.
[Fri Aug 19 08:00:02 JST 2022] file /var/www/html/public/indeeeex.php was removed successfully.
[Mon Aug 22 07:00:02 JST 2022] warning: file Cocote.php does not exist in whitelist.
[Mon Aug 22 07:00:03 JST 2022] file /var/www/html/public/Cocote.php was removed successfully.
[Mon Aug 22 07:00:03 JST 2022] warning: file indeeeex.php does not exist in whitelist.
[Mon Aug 22 07:00:03 JST 2022] file /var/www/html/public/indeeeex.php was removed successfully.
[Mon Aug 22 09:00:01 JST 2022] warning: file J-E_M-B_O-T.php does not exist in whitelist.
[Mon Aug 22 09:00:01 JST 2022] file /var/www/html/public/J-E_M-B_O-T.php was removed successfully.
[Mon Aug 22 09:00:02 JST 2022] warning: file indeeeex.php does not exist in whitelist.
[Mon Aug 22 09:00:02 JST 2022] file /var/www/html/public/indeeeex.php was removed successfully.
[Mon Aug 22 10:00:01 JST 2022] warning: file J-E_M-B_O-T.php does not exist in whitelist.
[Mon Aug 22 10:00:02 JST 2022] file /var/www/html/public/J-E_M-B_O-T.php was removed successfully.
[Mon Aug 22 10:00:02 JST 2022] warning: file indeeeex.php does not exist in whitelist.
[Mon Aug 22 10:00:02 JST 2022] file /var/www/html/public/indeeeex.php was removed successfully.
[Thu Aug 25 17:00:02 JST 2022] warning: file Chitoge.php does not exist in whitelist.
[Thu Aug 25 17:00:02 JST 2022] file /var/www/html/public/Chitoge.php was removed successfully.
[Thu Aug 25 17:00:03 JST 2022] warning: file sh1r4.php does not exist in whitelist.
[Thu Aug 25 17:00:03 JST 2022] file /var/www/html/public/sh1r4.php was removed successfully.
[Thu Aug 25 17:00:03 JST 2022] warning: file turu.php does not exist in whitelist.
[Thu Aug 25 17:00:03 JST 2022] file /var/www/html/public/turu.php was removed successfully.
[Fri Aug 26 12:00:02 JST 2022] warning: file sample.php does not exist in whitelist.
[Fri Aug 26 12:00:03 JST 2022] file /var/www/html/public/sample.php was removed successfully.
[Fri Aug 26 17:00:03 JST 2022] warning: file sample.php does not exist in whitelist.
[Fri Aug 26 17:00:03 JST 2022] file /var/www/html/public/sample.php was removed successfully.
[Sat Aug 27 06:00:02 JST 2022] warning: file cp.php does not exist in whitelist.
[Sat Aug 27 06:00:02 JST 2022] file /var/www/html/public/cp.php was removed successfully.
[Sat Aug 27 06:00:02 JST 2022] warning: file sitemap.php does not exist in whitelist.
[Sat Aug 27 06:00:03 JST 2022] file /var/www/html/public/sitemap.php was removed successfully.
[Sun Aug 28 02:00:02 JST 2022] warning: file Chitoge.php does not exist in whitelist.
[Sun Aug 28 02:00:02 JST 2022] file /var/www/html/public/Chitoge.php was removed successfully.
[Wed Aug 31 14:00:02 JST 2022] warning: file Chitoge.php does not exist in whitelist.
[Wed Aug 31 14:00:02 JST 2022] file /var/www/html/public/Chitoge.php was removed successfully.
[Thu Sep  1 12:00:02 JST 2022] warning: file Chitoge.php does not exist in whitelist.
[Thu Sep  1 12:00:02 JST 2022] file /var/www/html/public/Chitoge.php was removed successfully.
[Fri Sep  2 16:00:02 JST 2022] warning: file stylec.php does not exist in whitelist.
[Fri Sep  2 16:00:02 JST 2022] file /var/www/html/public/stylec.php was removed successfully.
[Fri Sep  2 16:00:02 JST 2022] warning: file sytel.php does not exist in whitelist.
[Fri Sep  2 16:00:03 JST 2022] file /var/www/html/public/sytel.php was removed successfully.
[Sun Sep  4 23:00:03 JST 2022] warning: file o.php does not exist in whitelist.
[Sun Sep  4 23:00:03 JST 2022] file /var/www/html/o.php was removed successfully.
[Wed Sep  7 10:00:02 JST 2022] warning: file Chitoge.php does not exist in whitelist.
[Wed Sep  7 10:00:02 JST 2022] file /var/www/html/public/Chitoge.php was removed successfully.
[Mon Sep 12 03:00:02 JST 2022] warning: file cp.php does not exist in whitelist.
[Mon Sep 12 03:00:02 JST 2022] file /var/www/html/public/cp.php was removed successfully.
[Mon Sep 12 03:00:03 JST 2022] warning: file sitemap.php does not exist in whitelist.
[Mon Sep 12 03:00:03 JST 2022] file /var/www/html/public/sitemap.php was removed successfully.
[Mon Sep 12 14:00:02 JST 2022] warning: file anons79.php does not exist in whitelist.
[Mon Sep 12 14:00:02 JST 2022] file /var/www/html/public/anons79.php was removed successfully.
[Mon Sep 12 14:00:03 JST 2022] warning: file anons79.php does not exist in whitelist.
[Mon Sep 12 14:00:03 JST 2022] file /var/www/html/anons79.php was removed successfully.
[Tue Sep 13 01:00:02 JST 2022] warning: file Chitoge.php does not exist in whitelist.
[Tue Sep 13 01:00:02 JST 2022] file /var/www/html/public/Chitoge.php was removed successfully.
[Wed Sep 14 14:00:01 JST 2022] warning: file Chitoge.php does not exist in whitelist.
[Wed Sep 14 14:00:02 JST 2022] file /var/www/html/public/Chitoge.php was removed successfully.
[Wed Sep 14 14:00:02 JST 2022] warning: file config.php does not exist in whitelist.
[Wed Sep 14 14:00:02 JST 2022] file /var/www/html/public/config.php was removed successfully.
[Sat Sep 17 09:00:02 JST 2022] warning: file 1.php does not exist in whitelist.
[Sat Sep 17 09:00:02 JST 2022] file /var/www/html/public/1.php was removed successfully.
[Sat Sep 17 09:00:03 JST 2022] warning: file _.php does not exist in whitelist.
[Sat Sep 17 09:00:03 JST 2022] file /var/www/html/public/_.php was removed successfully.
[Sat Sep 17 09:00:03 JST 2022] warning: file akl.php does not exist in whitelist.
[Sat Sep 17 09:00:03 JST 2022] file /var/www/html/public/akl.php was removed successfully.
[Sat Sep 17 09:00:04 JST 2022] warning: file wp-exp.php does not exist in whitelist.
[Sat Sep 17 09:00:04 JST 2022] file /var/www/html/public/wp-exp.php was removed successfully.
[Tue Sep 20 10:00:02 JST 2022] warning: file Chitoge.php does not exist in whitelist.
[Tue Sep 20 10:00:02 JST 2022] file /var/www/html/public/Chitoge.php was removed successfully.
[Thu Sep 22 11:00:02 JST 2022] warning: file Chitoge.php does not exist in whitelist.
[Thu Sep 22 11:00:02 JST 2022] file /var/www/html/public/Chitoge.php was removed successfully.
[Thu Sep 22 21:00:02 JST 2022] warning: file anons79.php does not exist in whitelist.
[Thu Sep 22 21:00:02 JST 2022] file /var/www/html/public/anons79.php was removed successfully.
[Thu Sep 22 21:00:03 JST 2022] warning: file anons79.php does not exist in whitelist.
[Thu Sep 22 21:00:03 JST 2022] file /var/www/html/anons79.php was removed successfully.
[Sun Sep 25 20:00:01 JST 2022] warning: file anons79.php does not exist in whitelist.
[Sun Sep 25 20:00:02 JST 2022] file /var/www/html/public/anons79.php was removed successfully.
[Sun Sep 25 20:00:02 JST 2022] warning: file anons79.php does not exist in whitelist.
[Sun Sep 25 20:00:02 JST 2022] file /var/www/html/anons79.php was removed successfully.
[Mon Sep 26 14:00:01 JST 2022] warning: file anons79.php does not exist in whitelist.
[Mon Sep 26 14:00:02 JST 2022] file /var/www/html/public/anons79.php was removed successfully.
[Mon Sep 26 14:00:02 JST 2022] warning: file anons79.php does not exist in whitelist.
[Mon Sep 26 14:00:03 JST 2022] file /var/www/html/anons79.php was removed successfully.
[Tue Sep 27 18:00:02 JST 2022] warning: file c.php does not exist in whitelist.
[Tue Sep 27 18:00:02 JST 2022] file /var/www/html/public/c.php was removed successfully.
[Sat Oct  1 03:00:02 JST 2022] warning: file anons79.php does not exist in whitelist.
[Sat Oct  1 03:00:03 JST 2022] file /var/www/html/public/anons79.php was removed successfully.
[Sat Oct  1 03:00:03 JST 2022] warning: file anons79.php does not exist in whitelist.
[Sat Oct  1 03:00:03 JST 2022] file /var/www/html/anons79.php was removed successfully.
[Tue Oct  4 03:00:01 JST 2022] warning: file anons79.php does not exist in whitelist.
[Tue Oct  4 03:00:02 JST 2022] file /var/www/html/public/anons79.php was removed successfully.
[Tue Oct  4 03:00:02 JST 2022] warning: file anons79.php does not exist in whitelist.
[Tue Oct  4 03:00:02 JST 2022] file /var/www/html/anons79.php was removed successfully.
[Wed Oct  5 01:00:02 JST 2022] warning: file Chitoge.php does not exist in whitelist.
[Wed Oct  5 01:00:02 JST 2022] file /var/www/html/public/Chitoge.php was removed successfully.
[Wed Oct  5 19:00:03 JST 2022] warning: file sample.php does not exist in whitelist.
[Wed Oct  5 19:00:03 JST 2022] file /var/www/html/public/sample.php was removed successfully.
[Sat Oct  8 07:00:02 JST 2022] warning: file anons79.php does not exist in whitelist.
[Sat Oct  8 07:00:03 JST 2022] file /var/www/html/public/anons79.php was removed successfully.
[Sat Oct  8 07:00:03 JST 2022] warning: file anons79.php does not exist in whitelist.
[Sat Oct  8 07:00:03 JST 2022] file /var/www/html/anons79.php was removed successfully.
[Sat Oct  8 23:00:01 JST 2022] warning: file Chitoge.php does not exist in whitelist.
[Sat Oct  8 23:00:02 JST 2022] file /var/www/html/public/Chitoge.php was removed successfully.
[Mon Oct 10 12:00:02 JST 2022] warning: file sale.php does not exist in whitelist.
[Mon Oct 10 12:00:02 JST 2022] file /var/www/html/public/sale.php was removed successfully.
[Mon Oct 10 16:00:02 JST 2022] warning: file sale.php does not exist in whitelist.
[Mon Oct 10 16:00:03 JST 2022] file /var/www/html/public/sale.php was removed successfully.
[Wed Oct 12 18:00:02 JST 2022] warning: file legion.php does not exist in whitelist.
[Wed Oct 12 18:00:03 JST 2022] file /var/www/html/public/legion.php was removed successfully.
[Wed Oct 12 19:00:02 JST 2022] warning: file legion.php does not exist in whitelist.
[Wed Oct 12 19:00:02 JST 2022] file /var/www/html/public/legion.php was removed successfully.
[Sat Oct 15 00:00:02 JST 2022] warning: file legion.php does not exist in whitelist.
[Sat Oct 15 00:00:03 JST 2022] file /var/www/html/public/legion.php was removed successfully.
[Sat Oct 15 01:00:02 JST 2022] warning: file legion.php does not exist in whitelist.
[Sat Oct 15 01:00:03 JST 2022] file /var/www/html/public/legion.php was removed successfully.
[Sat Oct 15 15:00:02 JST 2022] warning: file 1.php does not exist in whitelist.
[Sat Oct 15 15:00:02 JST 2022] file /var/www/html/public/1.php was removed successfully.
[Sat Oct 15 15:00:02 JST 2022] warning: file _.php does not exist in whitelist.
[Sat Oct 15 15:00:02 JST 2022] file /var/www/html/public/_.php was removed successfully.
[Sat Oct 15 15:00:03 JST 2022] warning: file akl.php does not exist in whitelist.
[Sat Oct 15 15:00:03 JST 2022] file /var/www/html/public/akl.php was removed successfully.
[Sat Oct 15 15:00:03 JST 2022] warning: file wp-exp.php does not exist in whitelist.
[Sat Oct 15 15:00:03 JST 2022] file /var/www/html/public/wp-exp.php was removed successfully.
[Mon Oct 17 17:00:02 JST 2022] warning: file sale.php does not exist in whitelist.
[Mon Oct 17 17:00:02 JST 2022] file /var/www/html/public/sale.php was removed successfully.
[Sat Oct 22 18:00:02 JST 2022] warning: file sample.php does not exist in whitelist.
[Sat Oct 22 18:00:03 JST 2022] file /var/www/html/public/sample.php was removed successfully.
[Mon Oct 24 13:00:01 JST 2022] warning: file Chitoge.php does not exist in whitelist.
[Mon Oct 24 13:00:02 JST 2022] file /var/www/html/public/Chitoge.php was removed successfully.
[Mon Oct 31 16:00:02 JST 2022] warning: file legion.php does not exist in whitelist.
[Mon Oct 31 16:00:02 JST 2022] file /var/www/html/public/legion.php was removed successfully.
[Tue Nov  1 16:00:02 JST 2022] warning: file legion.php does not exist in whitelist.
[Tue Nov  1 16:00:02 JST 2022] file /var/www/html/public/legion.php was removed successfully.
[Thu Nov  3 19:00:02 JST 2022] warning: file legion.php does not exist in whitelist.
[Thu Nov  3 19:00:03 JST 2022] file /var/www/html/public/legion.php was removed successfully.
[Thu Nov 10 01:00:01 JST 2022] warning: file indeeeex.php does not exist in whitelist.
[Thu Nov 10 01:00:02 JST 2022] file /var/www/html/public/indeeeex.php was removed successfully.
[Thu Nov 10 01:00:02 JST 2022] warning: file paradise.php does not exist in whitelist.
[Thu Nov 10 01:00:02 JST 2022] file /var/www/html/public/paradise.php was removed successfully.
[Fri Nov 11 16:00:02 JST 2022] warning: file Chitoge.php does not exist in whitelist.
[Fri Nov 11 16:00:03 JST 2022] file /var/www/html/public/Chitoge.php was removed successfully.
[Sat Nov 19 01:00:02 JST 2022] warning: file sitemap.php does not exist in whitelist.
[Sat Nov 19 01:00:02 JST 2022] file /var/www/html/public/sitemap.php was removed successfully.
[Sat Nov 19 02:00:02 JST 2022] warning: file sitemap.php does not exist in whitelist.
[Sat Nov 19 02:00:02 JST 2022] file /var/www/html/public/sitemap.php was removed successfully.
[Sat Nov 19 04:00:02 JST 2022] warning: file c.php does not exist in whitelist.
[Sat Nov 19 04:00:02 JST 2022] file /var/www/html/public/c.php was removed successfully.
[Wed Nov 23 18:00:03 JST 2022] warning: file index.php does not exist in whitelist.
[Wed Nov 23 18:00:03 JST 2022] file /var/www/html/index.php was removed successfully.
[Wed Nov 23 19:00:02 JST 2022] warning: file sale.php does not exist in whitelist.
[Wed Nov 23 19:00:03 JST 2022] file /var/www/html/public/sale.php was removed successfully.
[Thu Nov 24 08:00:02 JST 2022] warning: file Chitoge.php does not exist in whitelist.
[Thu Nov 24 08:00:02 JST 2022] file /var/www/html/public/Chitoge.php was removed successfully.
[Thu Nov 24 23:00:02 JST 2022] warning: file legion.php does not exist in whitelist.
[Thu Nov 24 23:00:03 JST 2022] file /var/www/html/public/legion.php was removed successfully.
[Sat Nov 26 19:00:02 JST 2022] warning: file anons79.php does not exist in whitelist.
[Sat Nov 26 19:00:02 JST 2022] file /var/www/html/public/anons79.php was removed successfully.
[Sat Nov 26 19:00:03 JST 2022] warning: file anons79.php does not exist in whitelist.
[Sat Nov 26 19:00:03 JST 2022] file /var/www/html/anons79.php was removed successfully.
[Thu Dec  1 14:00:02 JST 2022] warning: file Chitoge.php does not exist in whitelist.
[Thu Dec  1 14:00:02 JST 2022] file /var/www/html/public/Chitoge.php was removed successfully.
[Thu Dec  1 15:00:02 JST 2022] warning: file Chitoge.php does not exist in whitelist.
[Thu Dec  1 15:00:02 JST 2022] file /var/www/html/public/Chitoge.php was removed successfully.
[Fri Dec  2 20:00:03 JST 2022] warning: file akl.php does not exist in whitelist.
[Fri Dec  2 20:00:03 JST 2022] file /var/www/html/public/akl.php was removed successfully.
[Sun Dec  4 01:00:02 JST 2022] warning: file ask2k9.php does not exist in whitelist.
[Sun Dec  4 01:00:03 JST 2022] file /var/www/html/public/ask2k9.php was removed successfully.
[Mon Dec  5 05:00:02 JST 2022] warning: file Chitoge.php does not exist in whitelist.
[Mon Dec  5 05:00:03 JST 2022] file /var/www/html/public/Chitoge.php was removed successfully.
[Tue Dec  6 13:00:02 JST 2022] warning: file Chitoge.php does not exist in whitelist.
[Tue Dec  6 13:00:03 JST 2022] file /var/www/html/public/Chitoge.php was removed successfully.
[Fri Dec  9 14:00:04 JST 2022] warning: file Chitoge.php does not exist in whitelist.
[Fri Dec  9 14:00:05 JST 2022] file /var/www/html/public/Chitoge.php was removed successfully.
[Tue Dec 13 18:00:03 JST 2022] warning: file akl.php does not exist in whitelist.
[Tue Dec 13 18:00:04 JST 2022] file /var/www/html/public/akl.php was removed successfully.
[Tue Dec 13 19:00:03 JST 2022] warning: file ask2k9.php does not exist in whitelist.
[Tue Dec 13 19:00:03 JST 2022] file /var/www/html/public/ask2k9.php was removed successfully.
[Wed Jan  4 05:00:05 JST 2023] warning: file uninstall.php does not exist in whitelist.
[Wed Jan  4 05:00:06 JST 2023] file /var/www/html/public/uninstall.php was removed successfully.
[Sun Jan  8 18:00:02 JST 2023] warning: file anons79.php does not exist in whitelist.
[Sun Jan  8 18:00:03 JST 2023] file /var/www/html/public/anons79.php was removed successfully.
[Sun Jan  8 18:00:04 JST 2023] warning: file anons79.php does not exist in whitelist.
[Sun Jan  8 18:00:05 JST 2023] file /var/www/html/anons79.php was removed successfully.
[Sun Jan  8 19:00:02 JST 2023] warning: file anons79.php does not exist in whitelist.
[Sun Jan  8 19:00:03 JST 2023] file /var/www/html/public/anons79.php was removed successfully.
[Sun Jan  8 19:00:04 JST 2023] warning: file anons79.php does not exist in whitelist.
[Sun Jan  8 19:00:04 JST 2023] file /var/www/html/anons79.php was removed successfully.
[Sun Jan  8 21:00:02 JST 2023] warning: file anons79.php does not exist in whitelist.
[Sun Jan  8 21:00:03 JST 2023] file /var/www/html/public/anons79.php was removed successfully.
[Sun Jan  8 21:00:04 JST 2023] warning: file anons79.php does not exist in whitelist.
[Sun Jan  8 21:00:04 JST 2023] file /var/www/html/anons79.php was removed successfully.
[Mon Jan  9 00:00:05 JST 2023] warning: file anons79.php does not exist in whitelist.
[Mon Jan  9 00:00:06 JST 2023] file /var/www/html/public/anons79.php was removed successfully.
[Mon Jan  9 00:00:08 JST 2023] warning: file anons79.php does not exist in whitelist.
[Mon Jan  9 00:00:08 JST 2023] file /var/www/html/anons79.php was removed successfully.
[Fri Jan 20 20:00:03 JST 2023] warning: file anons79.php does not exist in whitelist.
[Fri Jan 20 20:00:04 JST 2023] file /var/www/html/public/anons79.php was removed successfully.
[Fri Jan 20 20:00:05 JST 2023] warning: file anons79.php does not exist in whitelist.
[Fri Jan 20 20:00:05 JST 2023] file /var/www/html/anons79.php was removed successfully.
[Sun Jan 22 19:00:02 JST 2023] warning: file Chitoge.php does not exist in whitelist.
[Sun Jan 22 19:00:03 JST 2023] file /var/www/html/public/Chitoge.php was removed successfully.
[Sun Jan 22 19:00:04 JST 2023] warning: file Iisus.php does not exist in whitelist.
[Sun Jan 22 19:00:04 JST 2023] file /var/www/html/public/Iisus.php was removed successfully.
[Sun Jan 22 19:00:05 JST 2023] warning: file up.php.rtf does not exist in whitelist.
[Sun Jan 22 19:00:05 JST 2023] file /var/www/html/public/up.php.rtf was removed successfully.
[Sun Jan 22 19:00:05 JST 2023] warning: file up.php.txt does not exist in whitelist.
[Sun Jan 22 19:00:05 JST 2023] file /var/www/html/public/up.php.txt was removed successfully.
[Wed Feb  1 13:00:02 JST 2023] warning: file Chitoge.php does not exist in whitelist.
[Wed Feb  1 13:00:03 JST 2023] file /var/www/html/public/Chitoge.php was removed successfully.
[Wed Feb  8 12:00:04 JST 2023] warning: file rce.php does not exist in whitelist.
[Wed Feb  8 12:00:05 JST 2023] file /var/www/html/public/rce.php was removed successfully.
[Wed Feb  8 12:00:05 JST 2023] warning: file wp.php does not exist in whitelist.
[Wed Feb  8 12:00:05 JST 2023] file /var/www/html/public/wp.php was removed successfully.
[Wed Feb  8 19:00:03 JST 2023] warning: file ask2k9.php does not exist in whitelist.
[Wed Feb  8 19:00:03 JST 2023] file /var/www/html/public/ask2k9.php was removed successfully.
